2023/05/03 09:35:08 INFO  - jmeter.util.JMeterUtils: Setting Locale to en 
2023/05/03 09:35:08 INFO  - jmeter.JMeter: Loading user properties from: /usr/share/jmeter/bin/user.properties 
2023/05/03 09:35:08 INFO  - jmeter.JMeter: Loading system properties from: /usr/share/jmeter/bin/system.properties 
2023/05/03 09:35:08 INFO  - jmeter.JMeter: Copyright (c) 1998-2015 The Apache Software Foundation 
2023/05/03 09:35:08 INFO  - jmeter.JMeter: Version 2.13.20180731 
2023/05/03 09:35:08 INFO  - jmeter.JMeter: java.version=11.0.18 
2023/05/03 09:35:08 INFO  - jmeter.JMeter: java.vm.name=OpenJDK 64-Bit Server VM 
2023/05/03 09:35:08 INFO  - jmeter.JMeter: os.name=Linux 
2023/05/03 09:35:08 INFO  - jmeter.JMeter: os.arch=amd64 
2023/05/03 09:35:08 INFO  - jmeter.JMeter: os.version=5.15.0-1033-aws 
2023/05/03 09:35:08 INFO  - jmeter.JMeter: file.encoding=UTF-8 
2023/05/03 09:35:08 INFO  - jmeter.JMeter: Default Locale=English 
2023/05/03 09:35:08 INFO  - jmeter.JMeter: JMeter  Locale=English 
2023/05/03 09:35:08 INFO  - jmeter.JMeter: JMeterHome=/usr/share/jmeter 
2023/05/03 09:35:08 INFO  - jmeter.JMeter: user.dir  =/home/oulahn/temp 
2023/05/03 09:35:08 INFO  - jmeter.JMeter: PWD       =/home/oulahn/temp 
2023/05/03 09:35:08 INFO  - jmeter.JMeter: IP: 172.31.5.56 Name: ip-172-31-5-56 FullName: ip-172-31-5-56.ap-northeast-1.compute.internal 
2023/05/03 09:35:08 INFO  - jmeter.services.FileServer: Default base='/home/oulahn/temp' 
2023/05/03 09:35:08 INFO  - jmeter.services.FileServer: Set new base='/home/oulahn/devops/kubernetes-devops' 
2023/05/03 09:35:09 INFO  - jmeter.save.SaveService: Testplan (JMX) version: 2.2. Testlog (JTL) version: 2.2 
2023/05/03 09:35:09 INFO  - jmeter.save.SaveService: Using SaveService properties version 2.8 
2023/05/03 09:35:09 INFO  - jmeter.save.SaveService: Using SaveService properties file version 1656252 
2023/05/03 09:35:09 INFO  - jmeter.save.SaveService: Using SaveService properties file encoding UTF-8 
2023/05/03 09:35:09 INFO  - jmeter.save.SaveService: All converter versions present and correct 
2023/05/03 09:35:09 INFO  - jmeter.save.SaveService: Loading file: /home/oulahn/devops/kubernetes-devops/mytestplan.jmx 
2023/05/03 09:35:09 INFO  - jmeter.protocol.http.sampler.HTTPSamplerBase: Cannot find .className property for htmlParser, using default 
2023/05/03 09:35:09 INFO  - jmeter.protocol.http.sampler.HTTPSamplerBase: Parser for text/html is  
2023/05/03 09:35:09 INFO  - jmeter.protocol.http.sampler.HTTPSamplerBase: Parser for application/xhtml+xml is  
2023/05/03 09:35:09 INFO  - jmeter.protocol.http.sampler.HTTPSamplerBase: Parser for application/xml is  
2023/05/03 09:35:09 INFO  - jmeter.protocol.http.sampler.HTTPSamplerBase: Parser for text/xml is  
2023/05/03 09:35:09 INFO  - jmeter.protocol.http.sampler.HTTPSamplerBase: Parser for text/vnd.wap.wml is org.apache.jmeter.protocol.http.parser.RegexpHTMLParser 
2023/05/03 09:35:09 INFO  - jmeter.JMeter: Creating summariser <summary> 
2023/05/03 09:35:09 INFO  - jmeter.engine.StandardJMeterEngine: Listeners will be started after enabling running version 
2023/05/03 09:35:09 INFO  - jmeter.engine.StandardJMeterEngine: To revert to the earlier behaviour, define jmeterengine.startlistenerslater=false 
2023/05/03 09:35:09 INFO  - jmeter.engine.StandardJMeterEngine: Running the test! 
2023/05/03 09:35:09 INFO  - jmeter.samplers.SampleEvent: List of sample_variables: [] 
2023/05/03 09:35:09 INFO  - jmeter.samplers.SampleEvent: List of sample_variables: [] 
2023/05/03 09:35:09 INFO  - jmeter.engine.util.CompoundVariable: Note: Function class names must contain the string: '.functions.' 
2023/05/03 09:35:09 INFO  - jmeter.engine.util.CompoundVariable: Note: Function class names must not contain the string: '.gui.' 
2023/05/03 09:35:09 INFO  - jmeter.JMeter: Running test (1683106509460) 
2023/05/03 09:35:09 INFO  - jmeter.engine.StandardJMeterEngine: Starting ThreadGroup: 1 : Kubernetes Thread Group 
2023/05/03 09:35:09 INFO  - jmeter.engine.StandardJMeterEngine: Starting 10 threads for group Kubernetes Thread Group. 
2023/05/03 09:35:09 INFO  - jmeter.engine.StandardJMeterEngine: Thread will continue on error 
2023/05/03 09:35:09 INFO  - jmeter.threads.ThreadGroup: Starting thread group number 1 threads 10 ramp-up 10 perThread 1000.0 delayedStart=false 
2023/05/03 09:35:09 INFO  - jmeter.threads.JMeterThread: jmeterthread.startearlier=true (see jmeter.properties) 
2023/05/03 09:35:09 INFO  - jmeter.threads.JMeterThread: Running PostProcessors in forward order 
2023/05/03 09:35:09 INFO  - jmeter.threads.ThreadGroup: Started thread group number 1 
2023/05/03 09:35:09 INFO  - jmeter.engine.StandardJMeterEngine: All thread groups have been started 
2023/05/03 09:35:09 INFO  - jmeter.threads.JMeterThread: Thread started: Kubernetes Thread Group 1-1 
2023/05/03 09:35:09 INFO  - jmeter.protocol.http.sampler.HTTPHCAbstractImpl: Local host = ip-172-31-5-56 
2023/05/03 09:35:09 INFO  - jmeter.protocol.http.sampler.HTTPHC4Impl: HTTP request retry count = 0 
2023/05/03 09:35:09 INFO  - jmeter.protocol.http.sampler.HTTPHC4Impl: Setting up HTTPS TrustAll scheme 
2023/05/03 09:35:09 INFO  - jmeter.util.JsseSSLManager: Using default SSL protocol: TLS 
2023/05/03 09:35:09 INFO  - jmeter.util.JsseSSLManager: SSL session context: per-thread 
2023/05/03 09:35:09 INFO  - jmeter.samplers.SampleResult: Note: Sample TimeStamps are START times 
2023/05/03 09:35:09 INFO  - jmeter.samplers.SampleResult: sampleresult.default.encoding is set to ISO-8859-1 
2023/05/03 09:35:09 INFO  - jmeter.samplers.SampleResult: sampleresult.useNanoTime=true 
2023/05/03 09:35:09 INFO  - jmeter.samplers.SampleResult: sampleresult.nanoThreadSleep=5000 
2023/05/03 09:35:09 INFO  - jmeter.threads.JMeterThread: Thread is done: Kubernetes Thread Group 1-1 
2023/05/03 09:35:09 INFO  - jmeter.threads.JMeterThread: Thread finished: Kubernetes Thread Group 1-1 
2023/05/03 09:35:10 INFO  - jmeter.threads.JMeterThread: Thread started: Kubernetes Thread Group 1-2 
2023/05/03 09:35:10 INFO  - jmeter.threads.JMeterThread: Thread is done: Kubernetes Thread Group 1-2 
2023/05/03 09:35:10 INFO  - jmeter.threads.JMeterThread: Thread finished: Kubernetes Thread Group 1-2 
2023/05/03 09:35:11 INFO  - jmeter.threads.JMeterThread: Thread started: Kubernetes Thread Group 1-3 
2023/05/03 09:35:11 INFO  - jmeter.threads.JMeterThread: Thread is done: Kubernetes Thread Group 1-3 
2023/05/03 09:35:11 INFO  - jmeter.threads.JMeterThread: Thread finished: Kubernetes Thread Group 1-3 
2023/05/03 09:35:12 INFO  - jmeter.threads.JMeterThread: Thread started: Kubernetes Thread Group 1-4 
2023/05/03 09:35:12 INFO  - jmeter.threads.JMeterThread: Thread is done: Kubernetes Thread Group 1-4 
2023/05/03 09:35:12 INFO  - jmeter.threads.JMeterThread: Thread finished: Kubernetes Thread Group 1-4 
2023/05/03 09:35:13 INFO  - jmeter.threads.JMeterThread: Thread started: Kubernetes Thread Group 1-5 
2023/05/03 09:35:13 INFO  - jmeter.threads.JMeterThread: Thread is done: Kubernetes Thread Group 1-5 
2023/05/03 09:35:13 INFO  - jmeter.threads.JMeterThread: Thread finished: Kubernetes Thread Group 1-5 
2023/05/03 09:35:14 INFO  - jmeter.threads.JMeterThread: Thread started: Kubernetes Thread Group 1-6 
2023/05/03 09:35:14 INFO  - jmeter.threads.JMeterThread: Thread is done: Kubernetes Thread Group 1-6 
2023/05/03 09:35:14 INFO  - jmeter.threads.JMeterThread: Thread finished: Kubernetes Thread Group 1-6 
2023/05/03 09:35:15 INFO  - jmeter.threads.JMeterThread: Thread started: Kubernetes Thread Group 1-7 
2023/05/03 09:35:15 INFO  - jmeter.threads.JMeterThread: Thread is done: Kubernetes Thread Group 1-7 
2023/05/03 09:35:15 INFO  - jmeter.threads.JMeterThread: Thread finished: Kubernetes Thread Group 1-7 
2023/05/03 09:35:16 INFO  - jmeter.threads.JMeterThread: Thread started: Kubernetes Thread Group 1-8 
2023/05/03 09:35:16 INFO  - jmeter.threads.JMeterThread: Thread is done: Kubernetes Thread Group 1-8 
2023/05/03 09:35:16 INFO  - jmeter.threads.JMeterThread: Thread finished: Kubernetes Thread Group 1-8 
2023/05/03 09:35:17 INFO  - jmeter.threads.JMeterThread: Thread started: Kubernetes Thread Group 1-9 
2023/05/03 09:35:17 INFO  - jmeter.threads.JMeterThread: Thread is done: Kubernetes Thread Group 1-9 
2023/05/03 09:35:17 INFO  - jmeter.threads.JMeterThread: Thread finished: Kubernetes Thread Group 1-9 
2023/05/03 09:35:18 INFO  - jmeter.threads.JMeterThread: Thread started: Kubernetes Thread Group 1-10 
2023/05/03 09:35:18 INFO  - jmeter.threads.JMeterThread: Thread is done: Kubernetes Thread Group 1-10 
2023/05/03 09:35:18 INFO  - jmeter.threads.JMeterThread: Thread finished: Kubernetes Thread Group 1-10 
2023/05/03 09:35:18 INFO  - jmeter.engine.StandardJMeterEngine: Notifying test listeners of end of test 
2023/05/03 09:35:18 INFO  - jmeter.reporters.Summariser: summary =     10 in   9.1s =    1.1/s Avg:     7 Min:     0 Max:    66 Err:    10 (100.00%) 
